C51 COMPILER V9.55   LANYA                                                                 06/12/2020 17:51:48 PAGE 1   


C51 COMPILER V9.55, COMPILATION OF MODULE LANYA
OBJECT MODULE PLACED IN .\Objects\lanya.obj
COMPILER INVOKED BY: E:\C51\BIN\C51.EXE lanya.c OPTIMIZE(8,SPEED) BROWSE DEBUG OBJECTEXTEND PRINT(.\Listings\lanya.lst) 
                    -TABS(2) OBJECT(.\Objects\lanya.obj)

line level    source

   1          /*
   2          这是组合包 test
   3          
   4          
   5          
   6          
   7          */
   8          
   9          
  10          
  11          
  12          #include"reg51.h"
  13          typedef unsigned int u16;   //对数据类型进行声明定义
  14          typedef unsigned char u8;
  15          //蓝牙
  16          u16 Buffer;
  17           pwm=1000;//调节pwm周期和检测距离（避障里面有）
  18          
  19          
  20          sbit AIN1=P1^0;//后面两个轮子
  21          sbit AIN2=P1^1;
  22          sbit AIN3=P1^2;
  23          sbit AIN4=P1^3;
  24          sbit AENA=P1^4;
  25          sbit AENB=P1^5;
  26          sbit BIN1=P0^0;//前面两个轮子
  27          sbit BIN2=P0^1;
  28          sbit BIN3=P0^2;
  29          sbit BIN4=P0^3;
  30          sbit BENA=P0^4;
  31          sbit BENB=P0^5;
  32          
  33          
  34          void delayus(u16 x) //us延时函数
  35          
  36          {
  37   1      
  38   1      while(x--);
  39   1      
  40   1      }
  41          
  42          void delay(u16 z) //秒延时函数
  43          {
  44   1        u16 j,k;
  45   1        for(j=z;j>0;j--)
  46   1           for(k=110;k>0;k--);
  47   1      }
  48          
  49          
  50          void UsartInit()//串口的初始化注意蓝牙模块的波特率也要是4800
  51          {
  52   1        SCON=0X50;      //设置为工作方式1
  53   1        TMOD=0X20;      //设置计数器工作方式2
  54   1        PCON=0X80;      //波特率加倍
C51 COMPILER V9.55   LANYA                                                                 06/12/2020 17:51:48 PAGE 2   

  55   1        TH1=0XF3;       //计数器初始值设置，注意波特率是4800的
  56   1        TL1=0XF3;
  57   1        ES=1;           //打开接收中断
  58   1        EA=1;           //打开总中断
  59   1        TR1=1;          //打开计数器
  60   1      }
  61          
  62          
  63          
  64          
  65          
  66          
  67          
  68          //delay调速程序
  69          
  70          
  71          void zz()
  72          {
  73   1          BIN1=0; //1qian zuo 反转
  74   1          BIN2=1;
  75   1          BIN3=0; //2qian you正
  76   1          BIN4=1;
  77   1          AIN3=0; //3hou zuo 反转
  78   1          AIN4=1;
  79   1          AIN1=0; //4hou you 正转
  80   1          AIN2=1;
  81   1      }
  82          
  83          
  84          void yz()
  85          {
  86   1          BIN1=1; 
  87   1          BIN2=0;
  88   1          BIN3=1; 
  89   1          BIN4=0;
  90   1          AIN3=1; 
  91   1          AIN4=0;
  92   1          AIN1=1; 
  93   1          AIN2=0;
  94   1      }
  95          
  96          void zhizou()
  97          {
  98   1          BIN1=1; 
  99   1          BIN2=0;
 100   1          BIN3=0; 
 101   1          BIN4=1;
 102   1          AIN3=1; 
 103   1          AIN4=0;
 104   1          AIN1=0; 
 105   1          AIN2=1;
 106   1      }
 107          
 108          void houtui()
 109          {
 110   1          BIN1=0; 
 111   1          BIN2=1;
 112   1          BIN3=1; 
 113   1          BIN4=0;
 114   1          AIN3=0; 
 115   1          AIN4=1;
 116   1          AIN1=1; 
C51 COMPILER V9.55   LANYA                                                                 06/12/2020 17:51:48 PAGE 3   

 117   1          AIN2=0;
 118   1      }
 119          
 120          void tingzhi()
 121          {
 122   1          BIN1=1; 
 123   1          BIN2=1;
 124   1          BIN3=1; 
 125   1          BIN4=1;
 126   1          AIN3=1; 
 127   1          AIN4=1;
 128   1          AIN1=1; 
 129   1          AIN2=1;
 130   1      }
 131          void zuoyi()
 132          { 
 133   1          BIN1=1; //1qian zuo 
 134   1          BIN2=0;
 135   1          BIN3=1; //2qian you正
 136   1          BIN4=0;
 137   1          AIN3=0; //3hou zuo 反转
 138   1          AIN4=1;
 139   1          AIN1=0; //4hou you 正转
 140   1          AIN2=1;
 141   1      }
 142          void youyi()
 143          {
 144   1          BIN1=0; //1qian zuo 
 145   1          BIN2=1;
 146   1          BIN3=0; //2qian you正
 147   1          BIN4=1;
 148   1          AIN3=1; //3hou zuo 反转
 149   1          AIN4=0;
 150   1          AIN1=1; //4hou you 正转
 151   1          AIN2=0;
 152   1      }
 153          
 154          //四个轮子的PWM调速函数依次如下
 155          void yido(u16 x1)//前左轮
 156          {
 157   1          BENA=1;
 158   1          BENB=1;
 159   1          AENB=1;
 160   1          AENA=1;
 161   1          delayus(x1);//置高电平后延时x1us 占空比为x1%100 即  x1/pwm*%100     
 162   1          BENA=0;
 163   1          BENB=0;
 164   1          AENB=0; 
 165   1          AENA=0;
 166   1          delayus(pwm-x1);
 167   1      }
 168          
 169          
 170          void main()
 171          {
 172   1        UsartInit();//初始化
 173   1        while(1)
 174   1        {     
 175   2          switch(Buffer)
 176   2          {
 177   3            case 'a': yido(200);zhizou(); break;//前进
 178   3            case 'b': yido(200);houtui(); break;//后退
C51 COMPILER V9.55   LANYA                                                                 06/12/2020 17:51:48 PAGE 4   

 179   3            case 'c': yido(200);zz(); break;//左转
 180   3            case 'd': yido(200);yz(); break;//右转
 181   3            case 'e': yido(100);tingzhi();break;//停止
 182   3            case 'f': yido(400);zuoyi();break;            
 183   3            case 'g': yido(400);youyi();break;
 184   3          } 
 185   2        }
 186   1      }
 187          
 188          void UartIsr(void) interrupt 4
 189          {
 190   1      //EA=0; 
 191   1        if(RI==1)//当硬件接收到一个数据时，RI会置位
 192   1        {
 193   2          RI=0;
 194   2          Buffer=SBUF;//将接收到的字符放入Buffer
 195   2        }
 196   1      //EA=1;
 197   1      }


MODULE INFORMATION:   STATIC OVERLAYABLE
   CODE SIZE        =    365    ----
   CONSTANT SIZE    =   ----    ----
   XDATA SIZE       =   ----    ----
   PDATA SIZE       =   ----    ----
   DATA SIZE        =      4    ----
   IDATA SIZE       =   ----    ----
   BIT SIZE         =   ----    ----
END OF MODULE INFORMATION.


C51 COMPILATION COMPLETE.  0 WARNING(S),  0 ERROR(S)
