C51 COMPILER V9.55   LANYA2_0                                                              06/10/2020 21:29:02 PAGE 1   


C51 COMPILER V9.55, COMPILATION OF MODULE LANYA2_0
OBJECT MODULE PLACED IN .\Objects\lanya2.0.obj
COMPILER INVOKED BY: E:\C51\BIN\C51.EXE lanya2.0.c OPTIMIZE(8,SPEED) BROWSE DEBUG OBJECTEXTEND PRINT(.\Listings\lanya2.0
                    -.lst) TABS(2) OBJECT(.\Objects\lanya2.0.obj)

line level    source

   1          #include"reg51.h"
   2          
   3          typedef unsigned int u16;   //对数据类型进行声明定义
   4          typedef unsigned char u8;
   5          u16 Buffer;
   6          u16 pwm=1000;//调节pwm周期和检测距离
   7          sbit AIN1=P1^0;//后面两个轮子
   8          sbit AIN2=P1^1;
   9          sbit AIN3=P1^2;
  10          sbit AIN4=P1^3;
  11          sbit AENA=P1^4;
  12          sbit AENB=P1^5;
  13          sbit BIN1=P0^0;//前面两个轮子
  14          sbit BIN2=P0^1;
  15          sbit BIN3=P0^2;
  16          sbit BIN4=P0^3;
  17          sbit BENA=P0^4;
  18          sbit BENB=P0^5;
  19          void delayus(u16 x) //us延时函数
  20          
  21          {
  22   1      
  23   1      while(x--);
  24   1      
  25   1      }
  26          
  27          void UsartInit()//串口的初始化注意蓝牙模块的波特率也要是4800
  28          {
  29   1        SCON=0X50;      //设置为工作方式1
  30   1        TMOD=0X20;      //设置计数器工作方式2
  31   1        PCON=0X80;      //波特率加倍
  32   1        TH1=0XF3;       //计数器初始值设置，注意波特率是4800的
  33   1        TL1=0XF3;
  34   1        ES=1;           //打开接收中断
  35   1        EA=1;           //打开总中断
  36   1        TR1=1;          //打开计数器
  37   1      }
  38          
  39          
  40          void zz()
  41          {
  42   1          BIN1=0; //1 反转
  43   1          BIN2=1;
  44   1          BIN3=0; //2 正
  45   1          BIN4=1;
  46   1          AIN3=0; //3 反转
  47   1          AIN4=1;
  48   1          AIN1=0; //4 正转
  49   1          AIN2=1;
  50   1      }
  51          
  52          
  53          void yz()
  54          {
C51 COMPILER V9.55   LANYA2_0                                                              06/10/2020 21:29:02 PAGE 2   

  55   1          BIN1=1; 
  56   1          BIN2=0;
  57   1          BIN3=1; 
  58   1          BIN4=0;
  59   1          AIN3=1; 
  60   1          AIN4=0;
  61   1          AIN1=1; 
  62   1          AIN2=0;
  63   1      }
  64          
  65          void zhizou()
  66          {
  67   1          BIN1=1; 
  68   1          BIN2=0;
  69   1          BIN3=0; 
  70   1          BIN4=1;
  71   1          AIN3=1; 
  72   1          AIN4=0;
  73   1          AIN1=0; 
  74   1          AIN2=1;
  75   1      }
  76          
  77          void houtui()
  78          {
  79   1          BIN1=0; 
  80   1          BIN2=1;
  81   1          BIN3=1; 
  82   1          BIN4=0;
  83   1          AIN3=0; 
  84   1          AIN4=1;
  85   1          AIN1=1; 
  86   1          AIN2=0;
  87   1      }
  88          
  89          void tingzhi()
  90          {
  91   1          BIN1=1; 
  92   1          BIN2=1;
  93   1          BIN3=1; 
  94   1          BIN4=1;
  95   1          AIN3=1; 
  96   1          AIN4=1;
  97   1          AIN1=1; 
  98   1          AIN2=1;
  99   1      }
 100          
 101          //四个轮子的PWM调速函数依次如下
 102          void yido(u16 x1)//前左轮
 103          {
 104   1          BENA=1;
 105   1          BENB=1;
 106   1          AENB=1;
 107   1          AENA=1;
 108   1          delayus(x1);//置高电平后延时x1us 占空比为x1%100 即  x1/pwm*%100     
 109   1          BENA=0;
 110   1          BENB=0;
 111   1          AENB=0; 
 112   1          AENA=0;
 113   1          delayus(pwm-x1);
 114   1      }
 115          
 116          void main()
C51 COMPILER V9.55   LANYA2_0                                                              06/10/2020 21:29:02 PAGE 3   

 117          {
 118   1        UsartInit();//初始化
 119   1        while(1)
 120   1        {
 121   2          switch(Buffer)
 122   2          {
 123   3            case 'a': yido(100);zhizou(); break;//前进
 124   3            case 'b': yido(100);houtui(); break;//后退
 125   3            case 'c': yido(200);zz(); break;//左转
 126   3            case 'd': yido(200);yz(); break;//右转
 127   3            case 'e': yido(100);tingzhi();break;//停止
 128   3          } 
 129   2        }
 130   1      }
 131          
 132          void UartIsr(void) interrupt 4
 133          {
 134   1      //EA=0; 
 135   1        if(RI==1)//当硬件接收到一个数据时，RI会置位
 136   1        {
 137   2          RI=0;
 138   2          Buffer=SBUF;//将接收到的字符放入Buffer
 139   2        }
 140   1      //EA=1;
 141   1      }


MODULE INFORMATION:   STATIC OVERLAYABLE
   CODE SIZE        =    255    ----
   CONSTANT SIZE    =   ----    ----
   XDATA SIZE       =   ----    ----
   PDATA SIZE       =   ----    ----
   DATA SIZE        =      4    ----
   IDATA SIZE       =   ----    ----
   BIT SIZE         =   ----    ----
END OF MODULE INFORMATION.


C51 COMPILATION COMPLETE.  0 WARNING(S),  0 ERROR(S)
